2025-09-30 11:35:33 - main - ERROR - ❌ Error processing query: Error code: 401 - {'error': {'message': 'Invalid API Key', 'type': 'invalid_request_error', 'code': 'invalid_api_key'}}
2025-09-30 11:35:33 - main - ERROR - ❌ Error processing query: Error code: 401 - {'error': {'message': 'Invalid API Key', 'type': 'invalid_request_error', 'code': 'invalid_api_key'}}
2025-09-30 11:35:33 - main - ERROR - ❌ Error in detailed trip planning: 500: Failed to generate travel plan: Error code: 401 - {'error': {'message': 'Invalid API Key', 'type': 'invalid_request_error', 'code': 'invalid_api_key'}}
2025-09-30 12:04:18 - api.dependencies - ERROR - Failed to create GraphBuilder: 1 validation error for GooglePlacesAPIWrapper
  Value error, Invalid API key provided. [type=value_error, input_value={'gplaces_api_key': 'test-places-key'}, input_type=dict]
    For further information visit https://errors.pydantic.dev/2.11/v/value_error
2025-09-30 12:04:18 - api.dependencies - ERROR - Failed to create GraphBuilder: 1 validation error for GooglePlacesAPIWrapper
  Value error, Invalid API key provided. [type=value_error, input_value={'gplaces_api_key': 'test-places-key'}, input_type=dict]
    For further information visit https://errors.pydantic.dev/2.11/v/value_error
2025-09-30 12:04:18 - api.dependencies - ERROR - Failed to create GraphBuilder: 1 validation error for GooglePlacesAPIWrapper
  Value error, Invalid API key provided. [type=value_error, input_value={'gplaces_api_key': 'test-places-key'}, input_type=dict]
    For further information visit https://errors.pydantic.dev/2.11/v/value_error
2025-09-30 12:04:18 - api.dependencies - ERROR - Failed to create GraphBuilder: 1 validation error for GooglePlacesAPIWrapper
  Value error, Invalid API key provided. [type=value_error, input_value={'gplaces_api_key': 'test-places-key'}, input_type=dict]
    For further information visit https://errors.pydantic.dev/2.11/v/value_error
2025-09-30 12:04:19 - api.dependencies - ERROR - Failed to create GraphBuilder: 1 validation error for GooglePlacesAPIWrapper
  Value error, Invalid API key provided. [type=value_error, input_value={'gplaces_api_key': 'test-places-key'}, input_type=dict]
    For further information visit https://errors.pydantic.dev/2.11/v/value_error
2025-09-30 12:04:19 - api.dependencies - ERROR - Failed to create GraphBuilder: 1 validation error for GooglePlacesAPIWrapper
  Value error, Invalid API key provided. [type=value_error, input_value={'gplaces_api_key': 'test-places-key'}, input_type=dict]
    For further information visit https://errors.pydantic.dev/2.11/v/value_error
2025-09-30 12:05:32 - main - ERROR - ❌ Error processing query: Error code: 401 - {'error': {'message': 'Invalid API Key', 'type': 'invalid_request_error', 'code': 'invalid_api_key'}}
2025-09-30 12:05:33 - main - ERROR - ❌ Error processing query: Error code: 401 - {'error': {'message': 'Invalid API Key', 'type': 'invalid_request_error', 'code': 'invalid_api_key'}}
2025-09-30 12:05:33 - main - ERROR - ❌ Error in detailed trip planning: 500: Failed to generate travel plan: Error code: 401 - {'error': {'message': 'Invalid API Key', 'type': 'invalid_request_error', 'code': 'invalid_api_key'}}
2025-09-30 13:28:14 - main - ERROR - ❌ Error processing query: Error code: 401 - {'error': {'message': 'Invalid API Key', 'type': 'invalid_request_error', 'code': 'invalid_api_key'}}
2025-09-30 13:28:14 - main - ERROR - ❌ Error processing query: Error code: 401 - {'error': {'message': 'Invalid API Key', 'type': 'invalid_request_error', 'code': 'invalid_api_key'}}
2025-09-30 13:28:14 - main - ERROR - ❌ Error in detailed trip planning: 500: Failed to generate travel plan: Error code: 401 - {'error': {'message': 'Invalid API Key', 'type': 'invalid_request_error', 'code': 'invalid_api_key'}}
